0 verbose cli /Users/moneill/.nvm/versions/node/v21.7.1/bin/node /Users/moneill/.nvm/versions/node/v21.7.1/bin/npm
1 info using npm@10.5.0
2 info using node@v21.7.1
3 timing npm:load:whichnode Completed in 1ms
4 timing config:load:defaults Completed in 1ms
5 timing config:load:file:/Users/moneill/.nvm/versions/node/v21.7.1/lib/node_modules/npm/npmrc Completed in 2ms
6 timing config:load:builtin Completed in 2ms
7 timing config:load:cli Completed in 1ms
8 timing config:load:env Completed in 1ms
9 timing config:load:file:/Users/moneill/Library/CloudStorage/Dropbox/dev/sunchart/frontend/.npmrc Completed in 0ms
10 timing config:load:project Completed in 2ms
11 timing config:load:file:/Users/moneill/Dropbox/dev/sunchart/frontend/.npmrc Completed in 0ms
12 timing config:load:user Completed in 0ms
13 timing config:load:file:/Users/moneill/.nvm/versions/node/v21.7.1/etc/npmrc Completed in 0ms
14 timing config:load:global Completed in 0ms
15 timing config:load:setEnvs Completed in 1ms
16 timing config:load Completed in 9ms
17 timing npm:load:configload Completed in 9ms
18 timing config:load:flatten Completed in 2ms
19 timing npm:load:mkdirpcache Completed in 0ms
20 timing npm:load:mkdirplogs Completed in 0ms
21 verbose title npm run serve
22 verbose argv "run" "serve"
23 timing npm:load:setTitle Completed in 16ms
24 timing npm:load:display Completed in 1ms
25 verbose logfile logs-max:10 dir:/Users/moneill/Dropbox/dev/sunchart/frontend/.npm/_logs/2025-01-06T14_18_39_123Z-
26 verbose logfile /Users/moneill/Dropbox/dev/sunchart/frontend/.npm/_logs/2025-01-06T14_18_39_123Z-debug-0.log
27 timing npm:load:logFile Completed in 8ms
28 timing npm:load:timers Completed in 0ms
29 timing npm:load:configScope Completed in 0ms
30 timing npm:load Completed in 55ms
31 silly logfile done cleaning log files
32 http fetch GET 200 https://registry.npmjs.org/npm 247ms
33 timing command:run Completed in 12869ms
34 notice
34 notice New [31mmajor[39m version of npm available! [31m10.5.0[39m -> [32m11.0.0[39m
34 notice Changelog: [36mhttps://github.com/npm/cli/releases/tag/v11.0.0[39m
34 notice Run [32mnpm install -g npm@11.0.0[39m to update!
34 notice
35 verbose exit 0
36 timing npm Completed in 12960ms
37 info ok
